2024-11-07 14:04:32,363 INFO: Interview application startup [in C:\Users\User\Python\Projects\Interview\applicationable\backend\app.py:30]
2024-11-07 14:04:32,856 INFO: Interview application startup [in C:\Users\User\Python\Projects\Interview\applicationable\backend\app.py:30]
2024-11-07 14:05:29,933 INFO: Interview application startup [in C:\Users\User\Python\Projects\Interview\applicationable\backend\app.py:30]
2024-11-07 14:05:30,412 INFO: Interview application startup [in C:\Users\User\Python\Projects\Interview\applicationable\backend\app.py:30]
2024-11-07 14:22:02,307 INFO: Interview application startup [in C:\Users\User\Python\Projects\Interview\applicationable\backend\app.py:30]
2024-11-07 14:22:11,273 INFO: Interview application startup [in C:\Users\User\Python\Projects\Interview\applicationable\backend\app.py:30]
2024-11-07 14:22:12,002 INFO: Interview application startup [in C:\Users\User\Python\Projects\Interview\applicationable\backend\app.py:30]
2024-11-07 14:22:14,047 INFO: Interview application startup [in C:\Users\User\Python\Projects\Interview\applicationable\backend\app.py:30]
2024-11-07 14:22:16,029 INFO: Interview application startup [in C:\Users\User\Python\Projects\Interview\applicationable\backend\app.py:30]
2024-11-07 14:22:17,866 INFO: Interview application startup [in C:\Users\User\Python\Projects\Interview\applicationable\backend\app.py:30]
2024-11-07 14:22:19,719 INFO: Interview application startup [in C:\Users\User\Python\Projects\Interview\applicationable\backend\app.py:30]
2024-11-07 14:22:21,416 INFO: Interview application startup [in C:\Users\User\Python\Projects\Interview\applicationable\backend\app.py:30]
2024-11-07 14:22:23,103 INFO: Interview application startup [in C:\Users\User\Python\Projects\Interview\applicationable\backend\app.py:30]
2024-11-07 14:22:25,280 INFO: Interview application startup [in C:\Users\User\Python\Projects\Interview\applicationable\backend\app.py:30]
2024-11-07 14:22:26,938 INFO: Interview application startup [in C:\Users\User\Python\Projects\Interview\applicationable\backend\app.py:30]
2024-11-07 14:22:28,882 INFO: Interview application startup [in C:\Users\User\Python\Projects\Interview\applicationable\backend\app.py:30]
2024-11-07 14:22:31,890 INFO: Interview application startup [in C:\Users\User\Python\Projects\Interview\applicationable\backend\app.py:30]
2024-11-07 14:22:33,870 INFO: Interview application startup [in C:\Users\User\Python\Projects\Interview\applicationable\backend\app.py:30]
2024-11-07 14:22:35,551 INFO: Interview application startup [in C:\Users\User\Python\Projects\Interview\applicationable\backend\app.py:30]
2024-11-07 14:22:37,189 INFO: Interview application startup [in C:\Users\User\Python\Projects\Interview\applicationable\backend\app.py:30]
2024-11-07 14:22:38,891 INFO: Interview application startup [in C:\Users\User\Python\Projects\Interview\applicationable\backend\app.py:30]
2024-11-07 14:22:39,580 INFO: Interview application startup [in C:\Users\User\Python\Projects\Interview\applicationable\backend\app.py:30]
2024-11-07 14:22:41,307 INFO: Interview application startup [in C:\Users\User\Python\Projects\Interview\applicationable\backend\app.py:30]
2024-11-07 14:22:43,085 INFO: Interview application startup [in C:\Users\User\Python\Projects\Interview\applicationable\backend\app.py:30]
2024-11-07 14:22:44,791 INFO: Interview application startup [in C:\Users\User\Python\Projects\Interview\applicationable\backend\app.py:30]
2024-11-07 14:22:46,493 INFO: Interview application startup [in C:\Users\User\Python\Projects\Interview\applicationable\backend\app.py:30]
2024-11-07 14:22:48,614 INFO: Interview application startup [in C:\Users\User\Python\Projects\Interview\applicationable\backend\app.py:30]
2024-11-07 14:22:50,508 INFO: Interview application startup [in C:\Users\User\Python\Projects\Interview\applicationable\backend\app.py:30]
2024-11-07 14:22:52,345 INFO: Interview application startup [in C:\Users\User\Python\Projects\Interview\applicationable\backend\app.py:30]
2024-11-07 14:22:53,981 INFO: Interview application startup [in C:\Users\User\Python\Projects\Interview\applicationable\backend\app.py:30]
2024-11-07 14:26:27,553 INFO: Interview application startup [in C:\Users\User\Python\Projects\Interview\applicationable\backend\app.py:30]
2024-11-07 14:27:08,801 INFO: Interview application startup [in C:\Users\User\Python\Projects\Interview\applicationable\backend\app.py:35]
2024-11-09 03:56:58,236 INFO: Interview application startup [in C:\Web\applicationable2 test - delete after\applicationable\backend\app.py:36]
2024-11-09 03:56:58,402 INFO: Interview application startup [in C:\Web\applicationable2 test - delete after\applicationable\backend\app.py:36]
2024-11-09 03:57:52,472 INFO: User logged out: dschakub@hotmail.de [in C:\Web\applicationable2 test - delete after\applicationable\backend\app.py:204]
2024-11-09 03:58:00,885 INFO: New user created: 123 [in C:\Web\applicationable2 test - delete after\applicationable\backend\app.py:134]
2024-11-09 03:58:00,886 INFO: Successful login: 123 [in C:\Web\applicationable2 test - delete after\applicationable\backend\app.py:147]
2024-11-09 03:58:03,434 INFO: Message processed for user: 123 [in C:\Web\applicationable2 test - delete after\applicationable\backend\app.py:188]
2024-11-09 03:58:08,191 INFO: Message processed for user: 123 [in C:\Web\applicationable2 test - delete after\applicationable\backend\app.py:188]
2024-11-09 03:58:09,205 INFO: Message processed for user: 123 [in C:\Web\applicationable2 test - delete after\applicationable\backend\app.py:188]
2024-11-09 03:58:09,954 INFO: Message processed for user: 123 [in C:\Web\applicationable2 test - delete after\applicationable\backend\app.py:188]
2024-11-09 03:58:13,065 INFO: Message processed for user: 123 [in C:\Web\applicationable2 test - delete after\applicationable\backend\app.py:188]
2024-11-09 03:58:15,275 INFO: User logged out: 123 [in C:\Web\applicationable2 test - delete after\applicationable\backend\app.py:204]
2024-11-09 03:58:18,274 WARNING: Failed login attempt for user: 123 [in C:\Web\applicationable2 test - delete after\applicationable\backend\app.py:136]
2024-11-09 03:58:23,497 WARNING: Failed login attempt for user: 123 [in C:\Web\applicationable2 test - delete after\applicationable\backend\app.py:136]
2024-11-09 04:01:42,512 INFO: Successful login: 123 [in C:\Web\applicationable2 test - delete after\applicationable\backend\app.py:147]
2024-11-09 04:01:45,834 INFO: User logged out: 123 [in C:\Web\applicationable2 test - delete after\applicationable\backend\app.py:204]
2024-11-09 04:01:48,399 WARNING: Failed login attempt for user: 123 [in C:\Web\applicationable2 test - delete after\applicationable\backend\app.py:136]
2024-11-09 04:02:21,201 INFO: New user created: 1234 [in C:\Web\applicationable2 test - delete after\applicationable\backend\app.py:134]
2024-11-09 04:02:21,201 INFO: Successful login: 1234 [in C:\Web\applicationable2 test - delete after\applicationable\backend\app.py:147]
2024-11-09 04:02:23,908 INFO: Message processed for user: 1234 [in C:\Web\applicationable2 test - delete after\applicationable\backend\app.py:188]
2024-11-09 04:02:25,639 INFO: Message processed for user: 1234 [in C:\Web\applicationable2 test - delete after\applicationable\backend\app.py:188]
2024-11-09 04:02:26,943 INFO: Message processed for user: 1234 [in C:\Web\applicationable2 test - delete after\applicationable\backend\app.py:188]
2024-11-09 04:02:28,942 INFO: Message processed for user: 1234 [in C:\Web\applicationable2 test - delete after\applicationable\backend\app.py:188]
2024-11-09 04:02:32,918 INFO: Message processed for user: 1234 [in C:\Web\applicationable2 test - delete after\applicationable\backend\app.py:188]
2024-11-09 04:02:37,978 INFO: User logged out: 1234 [in C:\Web\applicationable2 test - delete after\applicationable\backend\app.py:204]
2024-11-09 04:02:42,710 WARNING: Failed login attempt for user: 1234 [in C:\Web\applicationable2 test - delete after\applicationable\backend\app.py:136]
