2024-11-09 02:12:15,643 INFO: Interview application startup [in C:\Web\applicationable\backend\app.py:36]
2024-11-09 02:12:15,816 INFO: Interview application startup [in C:\Web\applicationable\backend\app.py:36]
2024-11-09 02:13:13,276 INFO: New user created: 1232 [in C:\Web\applicationable\backend\app.py:123]
2024-11-09 02:13:13,277 INFO: Successful login: 1232 [in C:\Web\applicationable\backend\app.py:133]
2024-11-09 02:32:47,791 INFO: New user created: yyyyyy [in C:\Web\applicationable\backend\app.py:123]
2024-11-09 02:32:47,791 INFO: Successful login: yyyyyy [in C:\Web\applicationable\backend\app.py:133]
2024-11-09 02:44:02,089 INFO: Message processed for user: yyyyyy [in C:\Web\applicationable\backend\app.py:163]
2024-11-09 02:46:11,700 INFO: Message processed for user: yyyyyy [in C:\Web\applicationable\backend\app.py:163]
2024-11-09 02:46:16,117 INFO: Message processed for user: yyyyyy [in C:\Web\applicationable\backend\app.py:163]
2024-11-09 02:47:07,224 INFO: Message processed for user: yyyyyy [in C:\Web\applicationable\backend\app.py:163]
2024-11-09 02:47:20,146 INFO: Message processed for user: yyyyyy [in C:\Web\applicationable\backend\app.py:163]
2024-11-09 02:47:22,905 INFO: Message processed for user: yyyyyy [in C:\Web\applicationable\backend\app.py:163]
2024-11-09 02:47:26,992 INFO: Message processed for user: yyyyyy [in C:\Web\applicationable\backend\app.py:163]
2024-11-09 02:47:42,595 INFO: Successful login: yyyyyy [in C:\Web\applicationable\backend\app.py:133]
2024-11-09 02:50:43,885 INFO: Message processed for user: yyyyyy [in C:\Web\applicationable\backend\app.py:163]
2024-11-09 02:55:44,906 INFO: New user created: lolol [in C:\Web\applicationable\backend\app.py:123]
2024-11-09 02:55:44,907 INFO: Successful login: lolol [in C:\Web\applicationable\backend\app.py:133]
2024-11-09 02:56:26,731 INFO: New user created: lolol2 [in C:\Web\applicationable\backend\app.py:123]
2024-11-09 02:56:26,732 INFO: Successful login: lolol2 [in C:\Web\applicationable\backend\app.py:133]
2024-11-09 02:56:34,595 INFO: Message processed for user: lolol2 [in C:\Web\applicationable\backend\app.py:163]
2024-11-09 02:56:47,391 INFO: Message processed for user: lolol2 [in C:\Web\applicationable\backend\app.py:163]
2024-11-09 02:57:54,473 INFO: Message processed for user: lolol2 [in C:\Web\applicationable\backend\app.py:163]
2024-11-09 02:58:02,126 INFO: Message processed for user: lolol2 [in C:\Web\applicationable\backend\app.py:163]
2024-11-09 02:58:09,285 INFO: Message processed for user: lolol2 [in C:\Web\applicationable\backend\app.py:163]
2024-11-09 02:58:18,496 INFO: Message processed for user: lolol2 [in C:\Web\applicationable\backend\app.py:163]
2024-11-09 02:58:33,830 INFO: New user created: dschakub@hotmail.de [in C:\Web\applicationable\backend\app.py:123]
2024-11-09 02:58:33,831 INFO: Successful login: dschakub@hotmail.de [in C:\Web\applicationable\backend\app.py:133]
2024-11-09 03:03:56,999 INFO: Interview application startup [in C:\Web\applicationable\backend\app.py:36]
2024-11-09 03:06:21,384 WARNING: Empty message received from user: dschakub@hotmail.de [in C:\Web\applicationable\backend\app.py:153]
2024-11-09 03:06:40,004 INFO: New user created: 123 [in C:\Web\applicationable\backend\app.py:123]
2024-11-09 03:06:40,005 INFO: Successful login: 123 [in C:\Web\applicationable\backend\app.py:133]
2024-11-09 03:06:49,481 INFO: User logged out: 123 [in C:\Web\applicationable\backend\app.py:174]
2024-11-09 03:06:56,886 INFO: Successful login: 123 [in C:\Web\applicationable\backend\app.py:133]
2024-11-09 03:08:01,216 INFO: Message processed for user: 123 [in C:\Web\applicationable\backend\app.py:163]
2024-11-09 03:08:07,768 INFO: Message processed for user: 123 [in C:\Web\applicationable\backend\app.py:163]
2024-11-09 03:08:13,668 INFO: Message processed for user: 123 [in C:\Web\applicationable\backend\app.py:163]
2024-11-09 03:08:21,089 INFO: Message processed for user: 123 [in C:\Web\applicationable\backend\app.py:163]
2024-11-09 03:08:31,929 INFO: Message processed for user: 123 [in C:\Web\applicationable\backend\app.py:163]
2024-11-09 03:08:35,478 INFO: Message processed for user: 123 [in C:\Web\applicationable\backend\app.py:163]
2024-11-09 03:08:52,758 INFO: User logged out: 123 [in C:\Web\applicationable\backend\app.py:174]
2024-11-09 03:09:06,325 INFO: New user created: dschakub@hotmail.de [in C:\Web\applicationable\backend\app.py:123]
2024-11-09 03:09:06,326 INFO: Successful login: dschakub@hotmail.de [in C:\Web\applicationable\backend\app.py:133]
2024-11-09 03:10:31,269 INFO: User logged out: dschakub@hotmail.de [in C:\Web\applicationable\backend\app.py:174]
2024-11-09 03:10:37,343 INFO: Successful login: dschakub@hotmail.de [in C:\Web\applicationable\backend\app.py:133]
2024-11-09 03:10:43,764 INFO: Message processed for user: dschakub@hotmail.de [in C:\Web\applicationable\backend\app.py:163]
2024-11-09 03:10:45,107 INFO: Message processed for user: dschakub@hotmail.de [in C:\Web\applicationable\backend\app.py:163]
2024-11-09 03:10:45,964 INFO: Message processed for user: dschakub@hotmail.de [in C:\Web\applicationable\backend\app.py:163]
2024-11-09 03:10:47,666 INFO: Message processed for user: dschakub@hotmail.de [in C:\Web\applicationable\backend\app.py:163]
2024-11-09 03:10:49,123 INFO: Message processed for user: dschakub@hotmail.de [in C:\Web\applicationable\backend\app.py:163]
2024-11-09 03:10:51,954 INFO: User logged out: dschakub@hotmail.de [in C:\Web\applicationable\backend\app.py:174]
2024-11-09 03:11:01,039 INFO: New user created: dschakub@hotmail.de2 [in C:\Web\applicationable\backend\app.py:123]
2024-11-09 03:11:01,039 INFO: Successful login: dschakub@hotmail.de2 [in C:\Web\applicationable\backend\app.py:133]
2024-11-09 03:13:15,424 INFO: Message processed for user: dschakub@hotmail.de2 [in C:\Web\applicationable\backend\app.py:163]
2024-11-09 03:13:18,264 INFO: Message processed for user: dschakub@hotmail.de2 [in C:\Web\applicationable\backend\app.py:163]
2024-11-09 03:13:20,508 INFO: Message processed for user: dschakub@hotmail.de2 [in C:\Web\applicationable\backend\app.py:163]
2024-11-09 03:13:23,805 INFO: Message processed for user: dschakub@hotmail.de2 [in C:\Web\applicationable\backend\app.py:163]
2024-11-09 03:13:26,372 INFO: Message processed for user: dschakub@hotmail.de2 [in C:\Web\applicationable\backend\app.py:163]
2024-11-09 03:13:29,004 INFO: User logged out: dschakub@hotmail.de2 [in C:\Web\applicationable\backend\app.py:174]
2024-11-09 03:13:34,391 INFO: Successful login: 123 [in C:\Web\applicationable\backend\app.py:133]
2024-11-09 03:17:02,154 INFO: Message processed for user: 123 [in C:\Web\applicationable\backend\app.py:163]
2024-11-09 03:17:05,056 INFO: Message processed for user: 123 [in C:\Web\applicationable\backend\app.py:163]
2024-11-09 03:17:09,449 INFO: Message processed for user: 123 [in C:\Web\applicationable\backend\app.py:163]
2024-11-09 03:17:12,641 INFO: Message processed for user: 123 [in C:\Web\applicationable\backend\app.py:163]
2024-11-09 03:17:15,961 INFO: Message processed for user: 123 [in C:\Web\applicationable\backend\app.py:163]
2024-11-09 03:17:19,094 INFO: User logged out: 123 [in C:\Web\applicationable\backend\app.py:174]
2024-11-09 03:17:25,173 INFO: New user created: xxx [in C:\Web\applicationable\backend\app.py:123]
2024-11-09 03:17:25,173 INFO: Successful login: xxx [in C:\Web\applicationable\backend\app.py:133]
2024-11-09 03:18:05,568 INFO: User logged out: xxx [in C:\Web\applicationable\backend\app.py:174]
2024-11-09 03:19:14,069 WARNING: Failed login attempt for user: 123 [in C:\Web\applicationable\backend\app.py:125]
2024-11-09 03:19:17,864 INFO: New user created: 1234 [in C:\Web\applicationable\backend\app.py:123]
2024-11-09 03:19:17,865 INFO: Successful login: 1234 [in C:\Web\applicationable\backend\app.py:133]
2024-11-09 03:19:20,291 INFO: User logged out: 1234 [in C:\Web\applicationable\backend\app.py:174]
2024-11-09 03:21:27,802 WARNING: Failed login attempt for user: 123 [in C:\Web\applicationable\backend\app.py:125]
2024-11-09 03:21:32,540 WARNING: Failed login attempt for user: 1234 [in C:\Web\applicationable\backend\app.py:125]
2024-11-09 03:21:35,015 INFO: New user created: 12345 [in C:\Web\applicationable\backend\app.py:123]
2024-11-09 03:21:35,016 INFO: Successful login: 12345 [in C:\Web\applicationable\backend\app.py:133]
2024-11-09 03:21:36,782 INFO: User logged out: 12345 [in C:\Web\applicationable\backend\app.py:174]
2024-11-09 03:21:40,570 INFO: New user created: 123456 [in C:\Web\applicationable\backend\app.py:123]
2024-11-09 03:21:40,571 INFO: Successful login: 123456 [in C:\Web\applicationable\backend\app.py:133]
2024-11-09 03:21:42,096 INFO: User logged out: 123456 [in C:\Web\applicationable\backend\app.py:174]
2024-11-09 03:21:59,085 INFO: Successful login: dschakub@hotmail.de [in C:\Web\applicationable\backend\app.py:133]
2024-11-09 03:22:03,714 INFO: Message processed for user: dschakub@hotmail.de [in C:\Web\applicationable\backend\app.py:163]
2024-11-09 03:22:06,395 INFO: Message processed for user: dschakub@hotmail.de [in C:\Web\applicationable\backend\app.py:163]
2024-11-09 03:22:08,956 INFO: Message processed for user: dschakub@hotmail.de [in C:\Web\applicationable\backend\app.py:163]
2024-11-09 03:22:10,175 INFO: Message processed for user: dschakub@hotmail.de [in C:\Web\applicationable\backend\app.py:163]
2024-11-09 03:22:11,634 INFO: Message processed for user: dschakub@hotmail.de [in C:\Web\applicationable\backend\app.py:163]
2024-11-09 03:22:15,945 WARNING: Empty message received from user: dschakub@hotmail.de [in C:\Web\applicationable\backend\app.py:153]
2024-11-09 03:22:28,853 INFO: User logged out: dschakub@hotmail.de [in C:\Web\applicationable\backend\app.py:174]
2024-11-09 03:22:31,381 INFO: Successful login: dschakub@hotmail.de [in C:\Web\applicationable\backend\app.py:133]
